ack
acpi
acpid
adobe-source-han-sans-cn-fonts
adobe-source-han-sans-jp-fonts
adobe-source-han-sans-kr-fonts
adobe-source-han-serif-cn-fonts
adobe-source-sans-fonts
alacritty
alsa-firmware
alsa-utils
ark
autoconf
automake
avahi
b43-fwcutter
bash
bison
bitwarden
blender
bluedevil
breeze-gtk
btrfs-progs
bzip2
cmatrix
comtool
coreutils
cpupower
cronie
cryptsetup
cups
device-mapper
dhclient
dhcpcd
diffutils
dmidecode
dmraid
dnsmasq
docker
dolphin
dolphin-plugins
dosfstools
e2fsprogs
ecryptfs-utils
efibootmgr
exa
exfatprogs
f2fs-tools
fcitx5-chinese-addons
fcitx5-configtool
fcitx5-gtk
fcitx5-material-color
fcitx5-qt
ffmpeg
ffmpegthumbs
file
filesystem
findutils
firefox
flameshot
flex
gawk
gcc-libs
gettext
glibc
glibc-locales
gnome-themes-extra
grep
grub
grub-btrfs
grub-theme-manjaro
gst-libav
gst-plugins-bad
gst-plugins-base
gst-plugins-good
gst-plugins-ugly
gwenview
gzip
haveged
hplip
htop
hugo
inetutils
inotify-tools
intel-gpu-tools
intel-media-driver
intel-ucode
inxi
iproute2
iputils
jdk11-openjdk
jfsutils
jre11-openjdk
jre11-openjdk-headless
kaccounts-providers
kamera
kate
kcalc
kde-gtk-config
kdeconnect
kdegraphics-thumbnailers
kdenetwork-filesharing
kdeplasma-addons
kfind
kgamma5
khelpcenter
khotkeys
kimageformats
kinfocenter
kinit
kio-extras
kmenuedit
konsole
kscreen
kscreenlocker
ksshaskpass
ksysguard
ksystemlog
kwallet-pam
kwalletmanager
kwayland-integration
kwin
kwrited
less
lib32-libcanberra
lib32-libva-intel-driver
lib32-libva-mesa-driver
lib32-libva-vdpau-driver
lib32-mesa-demos
lib32-mesa-vdpau
lib32-vulkan-intel
lib32-vulkan-radeon
libcanberra
libcdr
libdvdcss
libreoffice-fresh
libva-intel-driver
libva-mesa-driver
libva-utils
libva-vdpau-driver
licenses
linux515
logrotate
lvm2
m4
make
man-db
man-pages
manjaro-alsa
manjaro-application-utility
manjaro-asian-input-support-fcitx5
manjaro-browser-settings
manjaro-documentation-en
manjaro-firmware
manjaro-hello
manjaro-hotfixes
manjaro-kde-settings
manjaro-release
manjaro-settings-manager-kcm
manjaro-settings-manager-knotifier
manjaro-system
manjaro-zsh-config
matray
mdadm
memtest86+
mesa-demos
mesa-vdpau
mhwd
mhwd-db
milou
mkinitcpio-openswap
mobile-broadband-provider-info
modemmanager
mpv
mtpfs
nano
nano-syntax-highlighting
neofetch
neovide
neovim
net-tools
networkmanager
networkmanager-l2tp
networkmanager-openconnect
networkmanager-openvpn
networkmanager-pptp
networkmanager-vpnc
nfs-utils
noto-fonts
noto-fonts-cjk
npm
nss-mdns
ntfs-3g
ntp
numlockx
okular
openjdk11-src
openresolv
openssh
os-prober
otf-fira-sans
oxygen
oxygen-icons
p7zip
packagekit-qt5
pacman
pamac-cli
pamac-gtk
pamac-tray-icon-plasma
partitionmanager
pciutils
perl
perl-file-mimeinfo
phonon-qt5-gstreamer
pkgconf
plasma-browser-integration
plasma-desktop
plasma-nm
plasma-pa
plasma-simplemenu
plasma-systemmonitor
plasma-wayland-session
plasma-workspace
poppler-data
powerdevil
powertop
procps-ng
proxychains-ng
psmisc
pstoedit
pulseaudio-ctl
python-websockets
qt5-imageformats
qt5-virtualkeyboard
qt5-websockets
read-edid
reiserfsprogs
rsync
ruby
s-nail
samba
sane
scrcpy
sddm
sddm-breath-theme
sddm-kcm
sed
shadow
sof-firmware
spectacle
spectre-meltdown-checker
squashfs-tools
sshfs
sudo
syncthing
sysfsutils
systemd
systemd-fsck-silent
systemd-kcm
systemd-sysvcompat
systemsettings
tailscale
tar
telegram-desktop
terminus-font
texinfo
thunderbird
timeshift-autosnap-manjaro
tmux
ttf-dejavu
ttf-fira-code
ttf-fira-mono
ttf-lato
ttf-liberation
ttf-roboto
udiskie
udisks2
unarchiver
unzip
usb_modeswitch
usbutils
util-linux
vi
vim
vlc
vulkan-intel
vulkan-radeon
wget
which
wireless-regdb
wpa_supplicant
wqy-bitmapfont
wqy-microhei
wqy-microhei-lite
wqy-zenhei
xdg-desktop-portal-kde
xdg-user-dirs
xdg-utils
xdotool
xf86-input-elographics
xf86-input-evdev
xf86-input-libinput
xf86-input-void
xf86-video-amdgpu
xf86-video-ati
xf86-video-intel
xf86-video-nouveau
xfsprogs
xorg-mkfontscale
xorg-server
xorg-twm
xorg-xinit
xorg-xkill
xz
yakuake
yarn
yay
zerotier-one
